<t:test-suite xmlns:t='http://xproc.org/ns/testsuite'>
<t:title>Extension tests</t:title>
<t:test href='delta-xml-001.xml'/>
</t:test-suite>
